SF:lib\core\config\detection_config.dart
DA:8,2
DA:16,4
DA:17,2
DA:18,2
DA:20,2
DA:21,4
DA:23,3
DA:25,3
LF:8
LH:8
end_of_record
SF:lib\core\constants\app_constants.dart
DA:2,0
LF:1
LH:0
end_of_record
SF:lib\core\error\exceptions.dart
DA:3,2
DA:4,2
DA:5,4
DA:10,2
DA:11,2
DA:12,4
DA:17,2
DA:18,2
DA:19,4
DA:24,2
DA:25,2
DA:26,4
DA:31,2
DA:32,2
DA:33,4
LF:15
LH:15
end_of_record
SF:lib\core\utils\voice_helper.dart
DA:5,0
DA:34,5
DA:39,10
DA:41,5
DA:42,5
DA:43,5
DA:45,5
DA:46,5
DA:47,5
DA:50,1
DA:53,2
DA:54,2
DA:55,2
LF:13
LH:12
end_of_record
SF:lib\core\usecases\usecase.dart
DA:6,10
LF:1
LH:1
end_of_record
SF:lib\features\detection\domain\entities\detection_object.dart
DA:13,11
DA:20,8
DA:21,8
DA:22,20
DA:23,10
DA:27,16
DA:31,4
DA:32,8
DA:33,8
DA:39,4
DA:40,8
DA:41,8
DA:42,8
DA:46,4
DA:47,20
DA:64,9
DA:71,8
DA:72,4
DA:73,8
DA:74,8
DA:79,4
DA:80,12
DA:82,3
DA:83,12
LF:24
LH:24
end_of_record
SF:lib\features\detection\domain\usecases\detection_object_from_frame.dart
DA:7,1
DA:9,1
DA:13,2
LF:3
LH:3
end_of_record
SF:lib\features\detection\domain\usecases\load_model_usecase.dart
DA:11,2
DA:13,2
DA:14,4
LF:3
LH:3
end_of_record
SF:lib\core\constants\asset_paths.dart
DA:2,0
LF:1
LH:0
end_of_record
SF:lib\core\error\failures.dart
DA:5,1
DA:6,1
DA:7,2
DA:11,1
DA:15,1
DA:19,1
DA:23,1
DA:27,1
LF:8
LH:8
end_of_record
SF:lib\core\utils\image_converter.dart
DA:28,1
DA:44,0
DA:57,0
DA:68,0
DA:73,0
DA:74,0
DA:75,0
DA:76,0
DA:77,0
DA:79,0
DA:81,0
DA:83,0
DA:85,0
DA:86,0
DA:87,0
DA:88,0
DA:89,0
DA:90,0
DA:94,0
DA:100,0
DA:101,0
DA:102,0
DA:103,0
DA:106,0
DA:107,0
DA:108,0
DA:109,0
DA:110,0
DA:115,0
DA:116,0
DA:121,0
DA:123,0
DA:125,0
DA:126,0
DA:129,0
DA:130,0
DA:131,0
DA:138,0
DA:139,0
DA:140,0
DA:142,0
DA:143,0
DA:146,0
DA:147,0
DA:148,0
DA:149,0
DA:150,0
DA:151,0
DA:152,0
DA:156,0
DA:157,0
DA:158,0
DA:161,0
DA:162,0
DA:163,0
DA:164,0
DA:165,0
DA:169,0
DA:172,0
DA:173,0
DA:181,1
DA:186,6
DA:187,4
DA:188,4
DA:189,2
DA:190,2
DA:191,1
DA:192,3
DA:196,2
DA:197,2
DA:198,1
DA:199,1
DA:200,4
DA:201,1
DA:202,2
DA:203,2
DA:205,1
DA:206,3
DA:207,4
DA:208,4
DA:210,1
DA:214,1
DA:217,1
DA:218,1
DA:219,1
DA:220,1
DA:226,1
DA:233,2
DA:235,1
DA:236,0
DA:240,1
DA:246,3
DA:247,1
DA:248,1
DA:249,1
DA:250,1
DA:251,1
DA:253,2
DA:254,2
DA:255,2
DA:256,4
DA:258,2
DA:259,2
DA:260,2
DA:261,2
DA:262,2
DA:263,2
DA:267,1
DA:268,2
DA:269,2
DA:270,6
DA:271,8
DA:272,6
DA:275,1
DA:278,1
DA:284,0
DA:291,0
DA:292,0
DA:293,0
DA:294,0
DA:295,0
DA:296,0
DA:297,0
DA:300,0
DA:301,0
DA:302,0
DA:303,0
DA:305,0
DA:306,0
DA:307,0
DA:308,0
DA:309,0
DA:310,0
DA:314,0
DA:315,0
DA:316,0
DA:317,0
DA:318,0
DA:319,0
DA:323,0
DA:326,0
DA:338,1
DA:352,1
DA:353,1
DA:354,1
DA:355,1
DA:356,1
DA:357,1
DA:360,4
DA:361,4
DA:362,1
DA:363,1
DA:366,2
DA:367,2
DA:368,2
DA:369,2
LF:156
LH:70
end_of_record
SF:lib\features\detection\data\models\bounding_box_model.dart
DA:9,2
DA:16,1
DA:17,1
DA:18,2
DA:19,2
DA:20,2
DA:21,2
DA:25,1
DA:26,2
DA:27,2
DA:28,2
DA:29,2
DA:30,1
DA:33,1
DA:34,1
DA:38,2
DA:39,1
DA:40,1
DA:41,1
DA:42,1
LF:20
LH:20
end_of_record
SF:lib\features\detection\data\repositories\detection_repository_impl.dart
DA:9,1
DA:11,1
DA:12,2
DA:14,1
DA:19,2
DA:24,3
DA:25,1
DA:26,2
DA:27,1
DA:28,2
DA:29,2
DA:30,2
DA:31,2
DA:34,1
DA:37,1
DA:38,2
LF:16
LH:16
end_of_record
SF:lib\features\detection\domain\entities\recognition.dart
DA:10,1
DA:17,2
DA:18,1
DA:19,1
DA:20,1
DA:23,1
DA:24,5
LF:7
LH:7
end_of_record
SF:lib\features\detection\domain\usecases\close_model_usecase.dart
DA:11,1
DA:13,1
DA:14,2
LF:3
LH:3
end_of_record
SF:lib\features\detection\presentation\widgets\bounding_box_painter.dart
DA:14,4
DA:24,1
DA:26,1
DA:27,3
DA:28,0
DA:29,0
DA:30,0
DA:31,0
DA:32,0
DA:33,0
DA:35,0
DA:37,0
DA:50,2
DA:62,2
DA:63,14
DA:64,14
DA:65,14
DA:66,14
DA:67,2
DA:68,2
DA:71,4
DA:72,2
DA:73,2
DA:74,2
DA:75,2
DA:76,2
DA:77,2
DA:78,2
DA:93,2
DA:99,2
DA:100,2
DA:102,6
DA:103,4
DA:107,4
DA:108,2
DA:112,6
DA:113,2
DA:114,6
DA:115,4
DA:116,8
DA:117,10
DA:118,2
DA:120,2
DA:124,2
DA:125,6
DA:126,2
DA:128,4
DA:129,6
DA:131,2
DA:132,2
DA:133,2
DA:134,2
DA:135,2
DA:138,2
DA:142,4
DA:143,8
DA:146,4
DA:147,12
DA:148,6
DA:151,2
DA:153,2
DA:154,2
DA:155,8
DA:156,8
DA:157,4
DA:158,6
DA:159,10
DA:162,2
DA:163,4
DA:164,2
DA:165,4
DA:185,6
DA:202,2
DA:211,1
DA:212,2
DA:213,3
DA:214,1
DA:222,1
DA:223,3
DA:224,1
DA:226,2
DA:231,2
DA:233,6
DA:234,6
DA:236,6
DA:237,5
DA:238,3
DA:239,5
DA:245,2
DA:247,4
DA:248,2
DA:252,2
DA:253,6
DA:254,6
DA:255,10
DA:256,10
DA:258,2
DA:260,4
DA:261,4
DA:264,4
DA:265,4
DA:266,4
DA:267,4
DA:268,8
DA:270,2
DA:271,4
DA:274,4
DA:276,4
DA:278,8
DA:279,6
DA:280,6
DA:282,4
DA:283,4
DA:284,6
DA:288,2
DA:289,6
DA:290,2
DA:291,2
DA:292,8
DA:293,6
DA:294,8
DA:295,8
DA:296,6
DA:297,8
DA:298,8
DA:299,6
DA:300,8
DA:301,8
DA:302,6
DA:303,8
DA:308,2
DA:310,2
DA:311,4
DA:312,4
DA:313,12
DA:315,2
DA:316,2
DA:317,4
DA:322,10
DA:328,2
DA:329,6
DA:331,6
DA:332,0
DA:333,0
DA:334,0
DA:335,0
DA:339,2
DA:340,2
DA:349,2
DA:351,4
DA:357,2
DA:366,10
LF:152
LH:140
end_of_record
SF:lib\features\detection\presentation\bloc\detection_bloc.dart
DA:68,3
DA:77,3
DA:78,6
DA:79,6
DA:80,9
DA:83,3
DA:90,3
DA:91,1
DA:92,1
DA:94,6
DA:95,6
DA:96,6
DA:97,6
DA:98,3
DA:100,6
DA:101,6
DA:102,3
DA:104,6
DA:105,6
DA:109,3
DA:113,6
DA:114,6
DA:115,6
DA:116,3
DA:118,9
DA:119,3
DA:122,2
DA:132,4
DA:135,4
DA:136,2
DA:137,2
DA:138,2
DA:140,0
DA:142,0
DA:144,0
DA:149,2
DA:153,4
DA:154,2
DA:155,2
DA:156,8
DA:160,4
DA:162,4
DA:165,2
DA:167,2
DA:169,3
DA:171,4
DA:186,2
DA:187,2
DA:192,2
DA:193,2
DA:194,2
DA:195,2
DA:196,0
DA:197,0
DA:198,0
DA:201,2
DA:202,2
DA:203,2
DA:205,4
DA:206,2
DA:207,2
DA:208,0
DA:209,2
DA:212,4
DA:213,4
DA:214,2
DA:215,2
DA:217,6
DA:219,2
DA:220,1
DA:224,4
DA:225,2
DA:226,2
DA:228,2
DA:231,2
DA:232,2
DA:234,2
DA:236,8
DA:237,2
DA:239,2
DA:240,4
DA:241,4
DA:246,2
DA:247,0
DA:249,4
DA:250,2
DA:260,2
DA:263,2
DA:264,4
DA:266,8
DA:267,6
DA:269,4
DA:270,2
DA:275,3
DA:277,6
DA:278,3
LF:96
LH:88
end_of_record
SF:lib\features\detection\presentation\bloc\detection_event.dart
DA:5,6
DA:6,0
DA:7,0
DA:11,4
DA:15,4
DA:23,2
DA:25,0
DA:26,0
LF:8
LH:4
end_of_record
SF:lib\features\detection\presentation\bloc\detection_state.dart
DA:5,10
DA:6,4
DA:7,4
DA:11,8
DA:15,8
DA:19,8
DA:26,3
DA:28,3
DA:29,9
DA:34,3
DA:35,3
DA:36,6
LF:12
LH:12
end_of_record
SF:lib\core\utils\perf_monitor.dart
DA:6,0
DA:8,6
DA:9,6
DA:13,2
DA:15,8
DA:16,6
DA:17,2
DA:20,0
DA:22,0
DA:25,2
DA:27,4
DA:28,6
DA:31,2
DA:32,2
DA:33,6
DA:38,6
DA:40,0
DA:41,0
DA:42,0
DA:44,0
DA:45,0
DA:47,0
DA:49,0
DA:50,0
DA:52,0
DA:59,0
DA:60,0
DA:61,0
LF:28
LH:13
end_of_record
SF:lib\features\settings\data\datasources\local_storage_service.dart
DA:11,0
DA:13,0
DA:14,0
DA:15,0
DA:18,0
DA:19,0
DA:20,0
DA:23,0
DA:24,0
DA:25,0
DA:28,0
DA:29,0
DA:30,0
DA:33,0
DA:34,0
DA:35,0
DA:38,0
DA:39,0
DA:40,0
DA:43,0
DA:44,0
DA:45,0
DA:48,0
DA:49,0
DA:50,0
DA:53,0
DA:59,0
DA:60,0
DA:61,0
LF:29
LH:0
end_of_record
SF:lib\features\settings\data\repositories\settings_repository_impl.dart
DA:6,1
DA:8,1
DA:9,2
DA:10,1
DA:11,2
DA:12,1
DA:13,2
DA:14,1
DA:16,2
DA:17,1
DA:18,2
DA:19,1
DA:20,2
DA:21,1
DA:22,2
DA:23,1
DA:25,2
DA:26,1
DA:27,2
DA:28,1
DA:29,2
LF:21
LH:21
end_of_record
SF:lib\features\tts\domain\usecases\pause_speaking_usecase.dart
DA:5,3
DA:7,6
LF:2
LH:2
end_of_record
SF:lib\features\tts\domain\usecases\speak_warning_usecase.dart
DA:5,3
DA:7,6
DA:9,6
LF:3
LH:3
end_of_record
SF:lib\features\tts\domain\usecases\stop_speaking_usecase.dart
DA:5,4
DA:6,12
LF:2
LH:2
end_of_record
SF:lib\features\tts\presentation\bloc\tts_bloc.dart
DA:26,2
DA:35,2
DA:36,4
DA:37,4
DA:38,4
DA:41,2
DA:43,4
DA:48,4
DA:49,6
DA:53,1
DA:54,3
DA:55,3
DA:57,1
DA:58,0
DA:59,0
DA:60,0
DA:64,3
DA:66,3
DA:70,1
DA:71,2
DA:72,1
DA:75,1
DA:76,2
DA:77,1
LF:24
LH:21
end_of_record
SF:lib\features\tts\presentation\bloc\tts_event.dart
DA:4,3
DA:5,0
DA:6,0
DA:14,3
DA:20,2
DA:21,8
DA:25,2
DA:29,2
LF:8
LH:6
end_of_record
SF:lib\features\tts\presentation\bloc\tts_state.dart
DA:4,11
DA:5,3
DA:6,3
DA:10,9
DA:15,3
DA:16,2
DA:17,4
DA:21,10
DA:25,9
DA:30,3
DA:31,2
DA:32,4
LF:12
LH:12
end_of_record
SF:lib\features\settings\presentation\bloc\settings_event.dart
DA:6,2
DA:7,0
DA:8,0
DA:12,2
DA:17,2
DA:18,1
DA:19,2
DA:24,2
DA:25,1
DA:26,2
DA:31,2
DA:32,1
DA:33,2
DA:38,1
DA:39,1
DA:40,2
DA:48,2
DA:50,1
DA:51,1
LF:19
LH:17
end_of_record
SF:lib\features\settings\presentation\bloc\settings_state.dart
DA:12,4
DA:21,2
DA:29,2
DA:30,2
DA:31,2
DA:32,2
DA:33,2
DA:34,2
DA:35,2
DA:38,2
DA:39,2
DA:40,2
DA:41,2
DA:42,2
DA:43,2
DA:44,2
DA:45,2
LF:17
LH:17
end_of_record
SF:lib\features\tts\data\datasources\tts_service.dart
DA:30,0
DA:36,0
DA:37,0
DA:38,0
DA:39,0
DA:41,0
DA:42,0
DA:43,0
DA:44,0
DA:46,0
DA:47,0
DA:48,0
DA:49,0
DA:51,0
DA:52,0
DA:53,0
DA:55,0
DA:56,0
DA:57,0
DA:61,0
DA:62,0
DA:63,0
DA:65,0
DA:67,0
DA:73,0
DA:74,0
DA:76,0
DA:80,0
DA:81,0
DA:82,0
DA:84,0
DA:86,0
DA:90,0
DA:91,0
DA:93,0
DA:94,0
DA:95,0
DA:96,0
DA:100,0
DA:101,0
DA:102,0
DA:103,0
DA:104,0
DA:105,0
DA:108,0
DA:109,0
DA:111,0
DA:112,0
DA:113,0
DA:114,0
DA:115,0
DA:116,0
DA:126,0
DA:128,0
DA:129,0
DA:133,0
DA:135,0
DA:136,0
DA:141,0
DA:142,0
DA:143,0
DA:144,0
DA:151,0
DA:152,0
DA:153,0
DA:156,0
DA:157,0
DA:158,0
DA:161,0
DA:162,0
DA:163,0
DA:165,0
DA:167,0
DA:168,0
DA:169,0
LF:75
LH:0
end_of_record
SF:lib\features\tts\data\repositories\tts_repository_impl.dart
DA:6,1
DA:8,1
DA:9,2
DA:10,1
DA:11,2
DA:12,1
DA:13,2
DA:14,1
DA:15,2
DA:16,1
DA:17,2
DA:18,1
DA:19,2
DA:21,1
DA:28,2
LF:15
LH:15
end_of_record
SF:lib\features\tts\domain\usecases\configure_tts_usecase.dart
DA:5,2
DA:7,2
DA:13,4
LF:3
LH:3
end_of_record
SF:lib\features\settings\presentation\bloc\settings_bloc.dart
DA:27,1
DA:32,1
DA:33,2
DA:34,2
DA:35,2
DA:36,2
DA:37,2
DA:38,2
DA:41,1
DA:45,3
DA:47,2
DA:48,2
DA:49,2
DA:50,2
DA:53,2
DA:54,2
DA:55,2
DA:57,3
DA:66,1
DA:70,3
DA:73,3
DA:74,4
DA:77,1
DA:81,3
DA:84,3
DA:85,4
DA:88,1
DA:92,3
DA:93,3
DA:94,4
DA:97,0
DA:101,0
DA:102,0
DA:108,1
DA:116,2
DA:117,2
DA:119,2
DA:121,3
LF:38
LH:35
end_of_record
SF:lib\features\detection\presentation\widgets\confidence_score_display.dart
DA:8,1
DA:14,1
DA:16,2
DA:18,2
DA:19,5
DA:20,3
DA:22,1
DA:25,1
DA:26,1
DA:27,1
DA:28,1
DA:30,1
DA:33,1
DA:34,1
DA:35,3
DA:43,3
DA:52,1
DA:54,1
DA:56,3
DA:57,1
DA:59,1
DA:63,1
DA:65,1
DA:66,1
DA:67,1
DA:70,1
DA:73,1
DA:74,1
DA:75,2
DA:81,1
DA:83,1
DA:84,1
DA:85,1
DA:88,1
DA:94,1
DA:96,1
DA:97,3
DA:98,1
LF:38
LH:38
end_of_record
