SF:lib\core\utils\image_converter.dart
DA:28,1
DA:44,0
DA:57,0
DA:68,0
DA:73,0
DA:74,0
DA:75,0
DA:76,0
DA:77,0
DA:79,0
DA:81,0
DA:83,0
DA:85,0
DA:86,0
DA:87,0
DA:88,0
DA:89,0
DA:90,0
DA:94,0
DA:100,0
DA:101,0
DA:102,0
DA:103,0
DA:106,0
DA:107,0
DA:108,0
DA:109,0
DA:110,0
DA:115,0
DA:116,0
DA:121,0
DA:123,0
DA:125,0
DA:126,0
DA:129,0
DA:130,0
DA:131,0
DA:138,0
DA:139,0
DA:140,0
DA:142,0
DA:143,0
DA:146,0
DA:147,0
DA:148,0
DA:149,0
DA:150,0
DA:151,0
DA:152,0
DA:156,0
DA:157,0
DA:158,0
DA:161,0
DA:162,0
DA:163,0
DA:164,0
DA:165,0
DA:169,0
DA:172,0
DA:173,0
DA:181,1
DA:186,6
DA:187,4
DA:188,4
DA:189,2
DA:190,2
DA:191,1
DA:192,3
DA:196,2
DA:197,2
DA:198,1
DA:199,1
DA:200,4
DA:201,1
DA:202,2
DA:203,2
DA:205,1
DA:206,3
DA:207,4
DA:208,4
DA:210,1
DA:214,1
DA:217,1
DA:218,1
DA:219,1
DA:220,1
DA:226,1
DA:233,2
DA:235,1
DA:236,0
DA:240,1
DA:246,3
DA:247,1
DA:248,1
DA:249,1
DA:250,1
DA:251,1
DA:253,2
DA:254,2
DA:255,2
DA:256,4
DA:258,2
DA:259,2
DA:260,2
DA:261,2
DA:262,2
DA:263,2
DA:267,1
DA:268,2
DA:269,2
DA:270,6
DA:271,8
DA:272,6
DA:275,1
DA:278,1
DA:284,0
DA:291,0
DA:292,0
DA:293,0
DA:294,0
DA:295,0
DA:296,0
DA:297,0
DA:300,0
DA:301,0
DA:302,0
DA:303,0
DA:305,0
DA:306,0
DA:307,0
DA:308,0
DA:309,0
DA:310,0
DA:314,0
DA:315,0
DA:316,0
DA:317,0
DA:318,0
DA:319,0
DA:323,0
DA:326,0
DA:338,1
DA:352,1
DA:353,1
DA:354,1
DA:355,1
DA:356,1
DA:357,1
DA:360,4
DA:361,4
DA:362,1
DA:363,1
DA:366,2
DA:367,2
DA:368,2
DA:369,2
LF:156
LH:70
end_of_record
SF:lib\core\error\exceptions.dart
DA:3,1
DA:4,1
DA:5,2
DA:10,1
DA:11,1
DA:12,2
DA:17,1
DA:18,1
DA:19,2
DA:24,1
DA:25,1
DA:26,2
DA:31,1
DA:32,1
DA:33,2
LF:15
LH:15
end_of_record
SF:lib\core\utils\voice_helper.dart
DA:5,0
DA:34,3
DA:39,6
DA:41,3
DA:42,3
DA:43,3
DA:45,3
DA:46,3
DA:47,3
DA:50,0
DA:53,1
DA:54,1
DA:55,1
LF:13
LH:11
end_of_record
SF:lib\core\usecases\usecase.dart
DA:6,7
LF:1
LH:1
end_of_record
SF:lib\features\detection\domain\entities\detection_object.dart
DA:13,6
DA:20,4
DA:21,4
DA:22,15
DA:23,5
DA:27,12
DA:31,3
DA:32,6
DA:33,6
DA:39,3
DA:40,6
DA:41,6
DA:42,6
DA:46,3
DA:47,15
DA:64,5
DA:71,6
DA:72,3
DA:73,6
DA:74,6
DA:79,3
DA:80,9
DA:82,2
DA:83,8
LF:24
LH:24
end_of_record
SF:lib\features\detection\domain\usecases\detection_object_from_frame.dart
DA:7,1
DA:9,1
DA:13,2
LF:3
LH:3
end_of_record
SF:lib\features\detection\domain\usecases\load_model_usecase.dart
DA:11,1
DA:13,1
DA:14,2
LF:3
LH:3
end_of_record
SF:lib\core\constants\app_constants.dart
DA:2,0
LF:1
LH:0
end_of_record
SF:lib\features\detection\presentation\widgets\bounding_box_painter.dart
DA:15,4
DA:25,1
DA:27,1
DA:28,3
DA:29,0
DA:30,0
DA:31,0
DA:32,0
DA:33,0
DA:34,0
DA:36,0
DA:38,0
DA:51,2
DA:63,2
DA:64,14
DA:65,14
DA:66,14
DA:67,14
DA:68,2
DA:69,2
DA:72,4
DA:73,2
DA:74,2
DA:75,2
DA:76,2
DA:77,2
DA:78,2
DA:79,2
DA:94,2
DA:100,2
DA:101,2
DA:103,6
DA:104,4
DA:108,4
DA:109,2
DA:113,6
DA:114,2
DA:115,6
DA:116,4
DA:117,8
DA:118,10
DA:119,2
DA:121,2
DA:125,2
DA:126,6
DA:127,2
DA:129,4
DA:130,6
DA:132,2
DA:133,2
DA:134,2
DA:135,2
DA:136,2
DA:139,2
DA:143,4
DA:144,8
DA:147,4
DA:148,12
DA:149,6
DA:152,2
DA:154,2
DA:155,2
DA:156,8
DA:157,8
DA:158,4
DA:159,6
DA:160,10
DA:163,2
DA:164,4
DA:165,2
DA:166,4
DA:186,6
DA:203,2
DA:212,1
DA:213,2
DA:214,3
DA:215,1
DA:223,1
DA:224,3
DA:225,1
DA:227,2
DA:232,2
DA:234,6
DA:235,6
DA:237,6
DA:238,5
DA:239,3
DA:240,5
DA:246,2
DA:248,4
DA:249,2
DA:253,2
DA:254,6
DA:255,6
DA:256,10
DA:257,10
DA:259,2
DA:261,4
DA:262,4
DA:265,4
DA:266,4
DA:267,4
DA:268,4
DA:269,8
DA:271,2
DA:272,4
DA:275,4
DA:277,4
DA:279,8
DA:280,6
DA:281,6
DA:283,4
DA:284,4
DA:285,6
DA:289,2
DA:290,6
DA:291,2
DA:292,2
DA:293,8
DA:294,6
DA:295,8
DA:296,8
DA:297,6
DA:298,8
DA:299,8
DA:300,6
DA:301,8
DA:302,8
DA:303,6
DA:304,8
DA:309,2
DA:311,2
DA:312,4
DA:313,4
DA:314,12
DA:316,2
DA:317,2
DA:318,4
DA:323,10
DA:329,2
DA:330,6
DA:332,6
DA:333,0
DA:334,0
DA:335,0
DA:336,0
DA:340,2
DA:341,2
DA:350,2
DA:352,4
DA:358,2
DA:367,10
LF:152
LH:140
end_of_record
SF:lib\features\detection\domain\usecases\close_model_usecase.dart
DA:11,0
DA:13,0
DA:14,0
LF:3
LH:0
end_of_record
SF:lib\features\detection\presentation\bloc\detection_bloc.dart
DA:68,3
DA:77,3
DA:78,6
DA:79,6
DA:80,9
DA:83,3
DA:90,3
DA:91,1
DA:92,1
DA:94,6
DA:95,6
DA:96,6
DA:97,6
DA:98,3
DA:100,6
DA:101,6
DA:102,3
DA:104,6
DA:105,6
DA:109,3
DA:113,6
DA:114,6
DA:115,6
DA:116,3
DA:118,9
DA:119,3
DA:122,2
DA:132,4
DA:135,4
DA:136,2
DA:137,2
DA:138,2
DA:140,0
DA:142,0
DA:144,0
DA:149,2
DA:153,4
DA:154,2
DA:155,2
DA:156,8
DA:160,4
DA:162,4
DA:165,2
DA:167,2
DA:169,3
DA:171,4
DA:186,2
DA:187,2
DA:192,2
DA:193,2
DA:194,2
DA:195,2
DA:196,0
DA:197,0
DA:198,0
DA:201,2
DA:202,2
DA:203,2
DA:205,4
DA:206,2
DA:207,2
DA:208,0
DA:209,2
DA:212,4
DA:213,4
DA:214,2
DA:215,2
DA:217,6
DA:219,2
DA:220,1
DA:224,4
DA:225,2
DA:226,2
DA:228,2
DA:231,2
DA:232,2
DA:234,2
DA:236,8
DA:237,2
DA:239,2
DA:240,4
DA:241,4
DA:246,2
DA:247,0
DA:249,4
DA:250,2
DA:260,2
DA:263,2
DA:264,4
DA:266,8
DA:267,6
DA:269,4
DA:270,2
DA:275,3
DA:277,6
DA:278,3
LF:96
LH:88
end_of_record
SF:lib\features\detection\presentation\bloc\detection_event.dart
DA:5,5
DA:6,0
DA:7,0
DA:11,3
DA:15,3
DA:23,2
DA:25,0
DA:26,0
LF:8
LH:4
end_of_record
SF:lib\features\detection\presentation\bloc\detection_state.dart
DA:5,8
DA:6,3
DA:7,3
DA:11,6
DA:15,6
DA:19,6
DA:26,2
DA:28,2
DA:29,6
DA:34,2
DA:35,2
DA:36,4
LF:12
LH:12
end_of_record
SF:lib\core\utils\perf_monitor.dart
DA:6,0
DA:8,6
DA:9,6
DA:13,2
DA:15,8
DA:16,6
DA:17,2
DA:20,0
DA:22,0
DA:25,2
DA:27,4
DA:28,6
DA:31,2
DA:32,2
DA:33,6
DA:38,6
DA:40,0
DA:41,0
DA:42,0
DA:44,0
DA:45,0
DA:47,0
DA:49,0
DA:50,0
DA:52,0
DA:59,0
DA:60,0
DA:61,0
LF:28
LH:13
end_of_record
SF:lib\features\tts\domain\usecases\pause_speaking_usecase.dart
DA:5,2
DA:7,3
LF:2
LH:2
end_of_record
SF:lib\features\tts\domain\usecases\speak_warning_usecase.dart
DA:5,2
DA:7,3
DA:9,3
LF:3
LH:3
end_of_record
SF:lib\features\tts\domain\usecases\stop_speaking_usecase.dart
DA:5,3
DA:6,9
LF:2
LH:2
end_of_record
SF:lib\features\tts\presentation\bloc\tts_bloc.dart
DA:26,2
DA:35,2
DA:36,4
DA:37,4
DA:38,4
DA:41,2
DA:43,4
DA:48,4
DA:49,6
DA:53,1
DA:54,3
DA:55,3
DA:57,1
DA:58,0
DA:59,0
DA:60,0
DA:64,3
DA:66,3
DA:70,1
DA:71,2
DA:72,1
DA:75,1
DA:76,2
DA:77,1
LF:24
LH:21
end_of_record
SF:lib\features\tts\presentation\bloc\tts_event.dart
DA:4,2
DA:5,0
DA:6,0
DA:14,2
DA:20,1
DA:21,4
DA:25,1
DA:29,1
LF:8
LH:6
end_of_record
SF:lib\features\tts\presentation\bloc\tts_state.dart
DA:4,6
DA:5,2
DA:6,2
DA:10,4
DA:15,2
DA:16,1
DA:17,2
DA:21,5
DA:25,4
DA:30,2
DA:31,1
DA:32,2
LF:12
LH:12
end_of_record
SF:lib\core\config\detection_config.dart
DA:8,1
DA:16,2
DA:17,0
DA:18,0
DA:20,1
DA:21,2
DA:23,0
DA:25,0
LF:8
LH:4
end_of_record
SF:lib\features\settings\presentation\bloc\settings_bloc.dart
DA:27,1
DA:32,1
DA:33,2
DA:34,2
DA:35,2
DA:36,2
DA:37,2
DA:38,2
DA:41,1
DA:45,3
DA:47,2
DA:48,2
DA:49,2
DA:50,2
DA:53,2
DA:54,2
DA:55,2
DA:57,3
DA:66,1
DA:70,3
DA:73,3
DA:74,4
DA:77,1
DA:81,3
DA:84,3
DA:85,4
DA:88,1
DA:92,3
DA:93,3
DA:94,4
DA:97,0
DA:101,0
DA:102,0
DA:108,1
DA:116,2
DA:117,2
DA:119,2
DA:121,3
LF:38
LH:35
end_of_record
SF:lib\features\settings\presentation\bloc\settings_event.dart
DA:6,1
DA:7,0
DA:8,0
DA:12,1
DA:17,1
DA:18,0
DA:19,0
DA:24,1
DA:25,0
DA:26,0
DA:31,1
DA:32,0
DA:33,0
DA:38,0
DA:39,0
DA:40,0
DA:48,1
DA:50,0
DA:51,0
LF:19
LH:6
end_of_record
SF:lib\features\settings\presentation\bloc\settings_state.dart
DA:12,2
DA:21,1
DA:29,1
DA:30,1
DA:31,1
DA:32,1
DA:33,1
DA:34,1
DA:35,1
DA:38,1
DA:39,1
DA:40,1
DA:41,1
DA:42,1
DA:43,1
DA:44,1
DA:45,1
LF:17
LH:17
end_of_record
SF:lib\features\tts\domain\usecases\configure_tts_usecase.dart
DA:5,1
DA:7,1
DA:13,2
LF:3
LH:3
end_of_record
SF:lib\features\detection\presentation\widgets\confidence_score_display.dart
DA:8,1
DA:14,1
DA:16,2
DA:18,2
DA:19,5
DA:20,3
DA:22,1
DA:25,1
DA:26,1
DA:27,1
DA:28,1
DA:30,1
DA:33,1
DA:34,1
DA:35,3
DA:43,3
DA:52,1
DA:54,1
DA:56,3
DA:57,1
DA:59,1
DA:63,1
DA:65,1
DA:66,1
DA:67,1
DA:70,1
DA:73,1
DA:74,1
DA:75,2
DA:81,1
DA:83,1
DA:84,1
DA:85,1
DA:88,1
DA:94,1
DA:96,1
DA:97,3
DA:98,1
LF:38
LH:38
end_of_record
